============================= test session starts =============================
platform win32 -- Python 3.13.2, pytest-9.0.2, pluggy-1.6.0 -- C:\Users\gabri\OneDrive\Documentos\Vibe Coding\backend-financas\.venv\Scripts\python.exe
cachedir: .pytest_cache
rootdir: C:\Users\gabri\OneDrive\Documentos\Vibe Coding\backend-financas
configfile: pyproject.toml
plugins: anyio-4.12.0, asyncio-1.3.0
asyncio: mode=Mode.STRICT, debug=False, asyncio_default_fixture_loop_scope=None, asyncio_default_test_loop_scope=function
collecting ... collected 4 items

tests/payments/test_model.py::test_payment_response_convert_payment_method_enum FAILED [ 25%]
tests/payments/test_model.py::test_payment_import_response_convert_string PASSED [ 50%]
tests/payments/test_model.py::test_payment_import_response_convert_enum PASSED [ 75%]
tests/payments/test_model.py::test_payment_import_response_invalid_string PASSED [100%]

================================== FAILURES ===================================
______________ test_payment_response_convert_payment_method_enum ______________

    def test_payment_response_convert_payment_method_enum():
        """Test converting PaymentMethod Enum to Schema in PaymentResponse"""
>       category_data = CategoryResponse(
            id=uuid4(),
            name="Test Cat",
            slug="test-cat",
            type=CategoryType.EXPENSE,
            color_hex="#000000",
            is_active=True,
        )
E       pydantic_core._pydantic_core.ValidationError: 2 validation errors for CategoryResponse
E       createdAt
E         Field required [type=missing, input_value={'id': UUID('1124052d-79d...000', 'is_active': True}, input_type=dict]
E           For further information visit https://errors.pydantic.dev/2.12/v/missing
E       updatedAt
E         Field required [type=missing, input_value={'id': UUID('1124052d-79d...000', 'is_active': True}, input_type=dict]
E           For further information visit https://errors.pydantic.dev/2.12/v/missing

tests\payments\test_model.py:16: ValidationError
=========================== short test summary info ===========================
FAILED tests/payments/test_model.py::test_payment_response_convert_payment_method_enum - pydantic_core._pydantic_core.ValidationError: 2 validation errors for CategoryResponse
createdAt
  Field required [type=missing, input_value={'id': UUID('1124052d-79d...000', 'is_active': True}, input_type=dict]
    For further information visit https://errors.pydantic.dev/2.12/v/missing
updatedAt
  Field required [type=missing, input_value={'id': UUID('1124052d-79d...000', 'is_active': True}, input_type=dict]
    For further information visit https://errors.pydantic.dev/2.12/v/missing
========================= 1 failed, 3 passed in 0.24s =========================
